{
  "Cucumber Features": {
    "coverage": {
      "/home/will/Documents/UnB/Disciplinas/5o SEMESTRE/EngSw/CAMAAR/camaar/app/controllers/admins/confirmations_controller.rb": {
        "lines": [
          null,
          null,
          0,
          null,
          0,
          0,
          0,
          null,
          null,
          0,
          0,
          0,
          null,
          null,
          0,
          0,
          0,
          null,
          null,
          null,
          null,
          0,
          0,
          0,
          null,
          null,
          0,
          0,
          0,
          0
        ],
        "branches": {
        }
      },
      "/home/will/Documents/UnB/Disciplinas/5o SEMESTRE/EngSw/CAMAAR/camaar/app/controllers/admins/passwords_controller.rb": {
        "lines": [
          null,
          null,
          0,
          null,
          0,
          0,
          0,
          null,
          null,
          0,
          0,
          0,
          null,
          null,
          0,
          0,
          0,
          null,
          null,
          null,
          0,
          0,
          null,
          0,
          0,
          0,
          0,
          0,
          null,
          0,
          0,
          0,
          0,
          0,
          null,
          0,
          null,
          0,
          0,
          0,
          null,
          null,
          0,
          0,
          0,
          0
        ],
        "branches": {
        }
      },
      "/home/will/Documents/UnB/Disciplinas/5o SEMESTRE/EngSw/CAMAAR/camaar/app/controllers/admins/registrations_controller.rb": {
        "lines": [
          null,
          null,
          0,
          0,
          0,
          null,
          null,
          0,
          0,
          0,
          null,
          null,
          0,
          0,
          0,
          0,
          0,
          null,
          null,
          0,
          0,
          0,
          null,
          null,
          null,
          null,
          null,
          null,
          null,
          0,
          0,
          0,
          null,
          null,
          null,
          null,
          null,
          null,
          null,
          null,
          null,
          null,
          0,
          null,
          0,
          0,
          0,
          null,
          null,
          null,
          null,
          null,
          null,
          null,
          0,
          0,
          0,
          0,
          null,
          null,
          null,
          null,
          null,
          null,
          null,
          null,
          0,
          0,
          0,
          null,
          null,
          0,
          0,
          0,
          0
        ],
        "branches": {
        }
      },
      "/home/will/Documents/UnB/Disciplinas/5o SEMESTRE/EngSw/CAMAAR/camaar/app/controllers/admins/sessions_controller.rb": {
        "lines": [
          null,
          null,
          0,
          0,
          null,
          null,
          0,
          0,
          0,
          null,
          null,
          0,
          0,
          0,
          null,
          null,
          0,
          0,
          0,
          null,
          0,
          null,
          null,
          0,
          0,
          0,
          0
        ],
        "branches": {
        }
      },
      "/home/will/Documents/UnB/Disciplinas/5o SEMESTRE/EngSw/CAMAAR/camaar/app/controllers/admins_controller.rb": {
        "lines": [
          0,
          0,
          0,
          null,
          0,
          0,
          0,
          0,
          0,
          null,
          0,
          0,
          0,
          0,
          null,
          0,
          0,
          0,
          null,
          0,
          0,
          0,
          0,
          null,
          0,
          0,
          0,
          0,
          0,
          0,
          0,
          0,
          0,
          0,
          0,
          0,
          0,
          0,
          null,
          0,
          0,
          0,
          0,
          0,
          0,
          0,
          0,
          0,
          0,
          null,
          0,
          0,
          0,
          0,
          null,
          0,
          0,
          0,
          0,
          0,
          0,
          0,
          null,
          0,
          0,
          0,
          0,
          0,
          0,
          0,
          0,
          0,
          0,
          null,
          0,
          0,
          0,
          0,
          0,
          0,
          0,
          0,
          0,
          0,
          null,
          0,
          0,
          0,
          0,
          null,
          0,
          0,
          0,
          null,
          0,
          0,
          0,
          0,
          0,
          0,
          null,
          0,
          0,
          0,
          0,
          null,
          0,
          0,
          null,
          0,
          0,
          0,
          0,
          0,
          0,
          0,
          0,
          0,
          0,
          0,
          0,
          0,
          0,
          0,
          0,
          0,
          null,
          0,
          0,
          0,
          0,
          null,
          0,
          0,
          0,
          0,
          0,
          0,
          null,
          0,
          0,
          0,
          0,
          0,
          0,
          0,
          0,
          null,
          0,
          0,
          0,
          0,
          0,
          0,
          0,
          0,
          null,
          0,
          0,
          null,
          0,
          null,
          0,
          0,
          0,
          0,
          0,
          null,
          0,
          0,
          0,
          0,
          0,
          null,
          0,
          0,
          0,
          0,
          0,
          0,
          0,
          0,
          0,
          0,
          null,
          0,
          null,
          0,
          0,
          0,
          0,
          0,
          0,
          0,
          0,
          0,
          0,
          0,
          0,
          0,
          0,
          0,
          0,
          0,
          0,
          0,
          0,
          0,
          0,
          0,
          0,
          0,
          0,
          0,
          0,
          0,
          0,
          0,
          0,
          0,
          0,
          0,
          0,
          0,
          0,
          null,
          0,
          0,
          null,
          0,
          0,
          0,
          null,
          0,
          0,
          0,
          0,
          0,
          0,
          0,
          null,
          null,
          null,
          null,
          null,
          0,
          null,
          null,
          0,
          0,
          null,
          0,
          0,
          null,
          0,
          0,
          0,
          0,
          0,
          0,
          0,
          0,
          0,
          0,
          0,
          0,
          0,
          0,
          null,
          0,
          0,
          0,
          0,
          null,
          null,
          0,
          0,
          0,
          0,
          0,
          0,
          null,
          0,
          0,
          null,
          0,
          0,
          null,
          0,
          0,
          0,
          0,
          0,
          0,
          null,
          0,
          0,
          0,
          null,
          0,
          0,
          0,
          0,
          0,
          0,
          0,
          0,
          0,
          null,
          0,
          0,
          0,
          0,
          0,
          0,
          null,
          0,
          0,
          null,
          0,
          0,
          0,
          null,
          0,
          0,
          0,
          null,
          0,
          0,
          null,
          0,
          0,
          0,
          0,
          null,
          0,
          0,
          null,
          0,
          0,
          null,
          0,
          0,
          0,
          0,
          0,
          null,
          0,
          0,
          0,
          0,
          0,
          0,
          0,
          0,
          0,
          0,
          0,
          null,
          0,
          0,
          null,
          0,
          0,
          null,
          null,
          0,
          0,
          0,
          0,
          null,
          0,
          0,
          0,
          0,
          0,
          null,
          0,
          0,
          0,
          null,
          0,
          0,
          null,
          0,
          0,
          0,
          0,
          null,
          null,
          0,
          0,
          0,
          0,
          null,
          0,
          0,
          0,
          0,
          null,
          0,
          0,
          0,
          0,
          0,
          0,
          0,
          0,
          null,
          0,
          null,
          0,
          0,
          0,
          null,
          0,
          0,
          0,
          0,
          0,
          0,
          0,
          0,
          0,
          0,
          0,
          null,
          0,
          0,
          0,
          0,
          0,
          null,
          0,
          0,
          0,
          0,
          0,
          0,
          0
        ],
        "branches": {
        }
      },
      "/home/will/Documents/UnB/Disciplinas/5o SEMESTRE/EngSw/CAMAAR/camaar/app/controllers/answers_controller.rb": {
        "lines": [
          0,
          null,
          0,
          0,
          0,
          null,
          0,
          0,
          null,
          0,
          0,
          null,
          0,
          0,
          0,
          0,
          0,
          0,
          0,
          0,
          null,
          0,
          null,
          null,
          0,
          0,
          0,
          0,
          0,
          0,
          null,
          0,
          0,
          0,
          0,
          0,
          0,
          0,
          0,
          null,
          0,
          0,
          0,
          null,
          0,
          0,
          0,
          0,
          0,
          0,
          0,
          null,
          0,
          0,
          0,
          0,
          null,
          0,
          0,
          null,
          0,
          0,
          0,
          null,
          0,
          0,
          0,
          0,
          0,
          0,
          0,
          0,
          0,
          0,
          0,
          null,
          0,
          0,
          0
        ],
        "branches": {
        }
      },
      "/home/will/Documents/UnB/Disciplinas/5o SEMESTRE/EngSw/CAMAAR/camaar/app/controllers/application_controller.rb": {
        "lines": [
          0,
          0,
          0,
          null,
          0,
          0,
          null,
          0,
          0,
          0,
          0,
          0,
          0,
          0,
          null,
          0,
          null,
          0,
          0,
          0,
          0,
          0,
          0,
          0,
          null,
          0,
          0,
          0,
          0,
          0,
          0,
          0,
          null,
          0,
          0,
          0,
          null,
          0,
          0,
          0,
          null,
          0,
          0,
          0,
          null,
          0,
          0,
          0,
          null,
          0,
          0,
          0,
          null,
          0,
          0,
          0,
          0,
          null,
          0,
          0,
          0,
          0,
          0,
          null,
          0,
          0,
          0,
          0,
          0,
          0,
          0,
          0,
          0,
          0
        ],
        "branches": {
        }
      },
      "/home/will/Documents/UnB/Disciplinas/5o SEMESTRE/EngSw/CAMAAR/camaar/app/controllers/classes_controller.rb": {
        "lines": [
          0,
          0,
          null,
          null,
          0,
          null,
          0,
          0,
          0
        ],
        "branches": {
        }
      },
      "/home/will/Documents/UnB/Disciplinas/5o SEMESTRE/EngSw/CAMAAR/camaar/app/controllers/forms_controller.rb": {
        "lines": [
          0,
          0,
          0,
          0,
          null,
          0,
          0,
          0,
          null,
          0,
          0,
          0,
          0,
          0,
          0,
          0,
          0,
          0,
          0,
          0,
          0,
          null,
          0,
          0,
          0,
          0,
          0,
          null,
          0,
          0,
          null,
          0,
          0,
          null,
          0,
          0,
          0,
          0,
          0,
          0,
          null,
          0,
          0,
          0,
          0,
          0,
          null,
          0,
          0,
          0,
          0,
          0,
          0,
          0,
          0,
          null,
          0,
          0,
          0,
          null,
          0,
          null,
          0,
          null,
          0,
          0,
          0,
          null,
          0,
          0,
          0,
          0,
          0,
          0,
          0,
          0,
          0,
          0,
          0,
          0
        ],
        "branches": {
        }
      },
      "/home/will/Documents/UnB/Disciplinas/5o SEMESTRE/EngSw/CAMAAR/camaar/app/controllers/home_controller.rb": {
        "lines": [
          0,
          0,
          null,
          0,
          null,
          0,
          0,
          0,
          0,
          0,
          0,
          0,
          0,
          0
        ],
        "branches": {
        }
      },
      "/home/will/Documents/UnB/Disciplinas/5o SEMESTRE/EngSw/CAMAAR/camaar/app/controllers/subject_classes_controller.rb": {
        "lines": [
          0,
          0,
          null,
          0,
          0,
          0,
          null,
          0,
          0,
          0,
          0,
          0,
          null,
          0,
          0,
          0,
          0,
          0,
          0,
          null,
          0,
          null,
          null,
          null,
          null,
          null,
          0,
          null,
          0,
          null,
          0,
          0,
          0
        ],
        "branches": {
        }
      },
      "/home/will/Documents/UnB/Disciplinas/5o SEMESTRE/EngSw/CAMAAR/camaar/app/controllers/template_questions_controller.rb": {
        "lines": [
          0,
          0,
          0,
          0,
          0,
          0,
          null,
          0,
          0,
          null,
          0,
          0,
          null,
          0,
          0,
          0,
          0,
          0,
          null,
          0,
          0,
          0,
          0,
          0,
          null,
          0,
          0,
          0,
          0,
          0,
          0,
          0,
          null,
          0,
          0,
          0,
          0,
          0,
          0,
          0,
          0,
          0,
          null,
          0,
          0,
          0,
          0,
          0,
          0,
          null,
          0,
          0,
          0,
          0,
          null,
          0,
          0,
          0,
          0,
          null,
          0,
          0,
          0,
          0,
          0,
          0,
          null,
          0,
          0,
          0,
          0,
          0,
          null,
          0,
          null,
          0,
          0,
          0,
          0,
          null,
          0,
          0,
          0,
          null,
          0,
          0,
          0,
          null,
          0,
          0,
          null,
          0,
          0,
          0,
          0,
          0,
          0,
          0,
          0,
          0,
          0,
          0,
          0,
          0,
          0,
          0,
          null,
          0,
          0,
          null,
          0,
          0,
          0,
          0,
          0,
          0,
          0,
          0,
          0,
          0,
          0,
          0,
          0,
          null,
          0,
          0,
          0,
          0,
          0,
          0,
          null,
          0,
          0,
          0,
          0,
          0,
          null,
          0,
          0,
          0,
          0,
          0,
          0,
          0,
          0,
          0,
          0,
          0,
          0,
          null,
          0,
          0,
          0,
          0,
          0,
          0,
          0,
          0,
          0,
          null,
          0,
          0,
          0,
          0,
          0,
          0,
          0
        ],
        "branches": {
        }
      },
      "/home/will/Documents/UnB/Disciplinas/5o SEMESTRE/EngSw/CAMAAR/camaar/app/controllers/templates_controller.rb": {
        "lines": [
          0,
          null,
          null,
          null,
          null,
          0,
          0,
          0,
          0,
          0,
          null,
          null,
          0,
          0,
          null,
          0,
          0,
          0,
          0,
          null,
          0,
          0,
          null,
          0,
          null,
          0,
          null,
          0,
          0,
          null,
          0,
          0,
          0,
          0,
          0,
          null,
          0,
          0,
          0,
          0,
          null,
          0,
          0,
          0,
          0,
          0,
          0,
          null,
          0,
          0,
          null,
          0,
          0,
          0,
          0,
          0,
          0,
          null,
          0,
          null,
          0,
          0,
          0,
          0,
          0,
          0,
          null,
          0,
          0,
          0,
          null,
          0,
          0,
          0,
          0,
          null,
          0,
          0,
          0,
          0,
          null,
          0,
          0,
          0,
          null,
          0,
          0,
          0,
          0
        ],
        "branches": {
        }
      },
      "/home/will/Documents/UnB/Disciplinas/5o SEMESTRE/EngSw/CAMAAR/camaar/app/controllers/users/confirmations_controller.rb": {
        "lines": [
          null,
          null,
          0,
          null,
          0,
          0,
          0,
          null,
          null,
          0,
          0,
          0,
          null,
          null,
          0,
          0,
          0,
          null,
          0,
          null,
          null,
          0,
          0,
          0,
          null,
          null,
          0,
          0,
          0,
          0
        ],
        "branches": {
        }
      },
      "/home/will/Documents/UnB/Disciplinas/5o SEMESTRE/EngSw/CAMAAR/camaar/app/controllers/users/passwords_controller.rb": {
        "lines": [
          null,
          null,
          0,
          null,
          0,
          0,
          0,
          null,
          null,
          0,
          0,
          0,
          null,
          0,
          null,
          null,
          0,
          0,
          0,
          null,
          null,
          null,
          0,
          0,
          null,
          0,
          0,
          0,
          0,
          0,
          null,
          0,
          0,
          0,
          0,
          0,
          null,
          0,
          null,
          0,
          0,
          0,
          null,
          null,
          0,
          0,
          0,
          0
        ],
        "branches": {
        }
      },
      "/home/will/Documents/UnB/Disciplinas/5o SEMESTRE/EngSw/CAMAAR/camaar/app/controllers/users/registrations_controller.rb": {
        "lines": [
          null,
          null,
          0,
          0,
          0,
          null,
          null,
          0,
          0,
          0,
          0,
          0,
          null,
          null,
          0,
          0,
          0,
          null,
          null,
          0,
          0,
          0,
          null,
          null,
          null,
          null,
          null,
          null,
          null,
          0,
          0,
          0,
          null,
          null,
          null,
          null,
          null,
          null,
          null,
          null,
          null,
          null,
          0,
          null,
          0,
          0,
          0,
          null,
          null,
          null,
          null,
          null,
          null,
          0,
          0,
          0,
          0,
          null,
          null,
          null,
          null,
          null,
          null,
          null,
          null,
          0,
          0,
          0,
          null,
          null,
          0,
          0,
          0,
          0
        ],
        "branches": {
        }
      },
      "/home/will/Documents/UnB/Disciplinas/5o SEMESTRE/EngSw/CAMAAR/camaar/app/controllers/users/sessions_controller.rb": {
        "lines": [
          null,
          null,
          0,
          0,
          null,
          null,
          0,
          0,
          0,
          null,
          null,
          0,
          0,
          0,
          null,
          null,
          0,
          0,
          0,
          null,
          0,
          null,
          null,
          0,
          0,
          0,
          0,
          0
        ],
        "branches": {
        }
      },
      "/home/will/Documents/UnB/Disciplinas/5o SEMESTRE/EngSw/CAMAAR/camaar/app/controllers/users_controller.rb": {
        "lines": [
          0,
          null,
          0,
          0,
          0,
          0,
          null,
          0,
          null,
          0,
          null,
          0,
          null,
          0,
          null,
          0,
          0,
          null,
          0,
          null,
          0,
          null,
          0,
          null,
          0,
          null,
          0,
          null,
          null,
          null,
          null,
          null,
          null,
          0,
          null,
          null,
          null,
          null,
          null,
          0
        ],
        "branches": {
        }
      },
      "/home/will/Documents/UnB/Disciplinas/5o SEMESTRE/EngSw/CAMAAR/camaar/app/helpers/admin_helper.rb": {
        "lines": [
          0,
          0
        ],
        "branches": {
        }
      },
      "/home/will/Documents/UnB/Disciplinas/5o SEMESTRE/EngSw/CAMAAR/camaar/app/helpers/application_helper.rb": {
        "lines": [
          0,
          0
        ],
        "branches": {
        }
      },
      "/home/will/Documents/UnB/Disciplinas/5o SEMESTRE/EngSw/CAMAAR/camaar/app/helpers/classes_helper.rb": {
        "lines": [
          0,
          0
        ],
        "branches": {
        }
      },
      "/home/will/Documents/UnB/Disciplinas/5o SEMESTRE/EngSw/CAMAAR/camaar/app/helpers/departments_helper.rb": {
        "lines": [
          0,
          0
        ],
        "branches": {
        }
      },
      "/home/will/Documents/UnB/Disciplinas/5o SEMESTRE/EngSw/CAMAAR/camaar/app/helpers/errors_helper.rb": {
        "lines": [
          0,
          0
        ],
        "branches": {
        }
      },
      "/home/will/Documents/UnB/Disciplinas/5o SEMESTRE/EngSw/CAMAAR/camaar/app/helpers/forms_helper.rb": {
        "lines": [
          0,
          0
        ],
        "branches": {
        }
      },
      "/home/will/Documents/UnB/Disciplinas/5o SEMESTRE/EngSw/CAMAAR/camaar/app/helpers/subject_classes_helper.rb": {
        "lines": [
          0,
          0
        ],
        "branches": {
        }
      },
      "/home/will/Documents/UnB/Disciplinas/5o SEMESTRE/EngSw/CAMAAR/camaar/app/helpers/subjectclasss_helper.rb": {
        "lines": [
          0,
          0
        ],
        "branches": {
        }
      },
      "/home/will/Documents/UnB/Disciplinas/5o SEMESTRE/EngSw/CAMAAR/camaar/app/helpers/template_questions_helper.rb": {
        "lines": [
          0,
          0
        ],
        "branches": {
        }
      },
      "/home/will/Documents/UnB/Disciplinas/5o SEMESTRE/EngSw/CAMAAR/camaar/app/helpers/templates_helper.rb": {
        "lines": [
          0,
          0
        ],
        "branches": {
        }
      },
      "/home/will/Documents/UnB/Disciplinas/5o SEMESTRE/EngSw/CAMAAR/camaar/app/mailers/admins_mailer.rb": {
        "lines": [
          0,
          0,
          0,
          0,
          0,
          0
        ],
        "branches": {
        }
      },
      "/home/will/Documents/UnB/Disciplinas/5o SEMESTRE/EngSw/CAMAAR/camaar/app/mailers/application_mailer.rb": {
        "lines": [
          0,
          0,
          0,
          0
        ],
        "branches": {
        }
      },
      "/home/will/Documents/UnB/Disciplinas/5o SEMESTRE/EngSw/CAMAAR/camaar/app/mailers/users_mailer.rb": {
        "lines": [
          0,
          null,
          0,
          0,
          0,
          0,
          0,
          null,
          0
        ],
        "branches": {
        }
      },
      "/home/will/Documents/UnB/Disciplinas/5o SEMESTRE/EngSw/CAMAAR/camaar/app/models/admin.rb": {
        "lines": [
          0,
          null,
          null,
          0,
          0,
          0,
          null,
          0
        ],
        "branches": {
        }
      },
      "/home/will/Documents/UnB/Disciplinas/5o SEMESTRE/EngSw/CAMAAR/camaar/app/models/application_record.rb": {
        "lines": [
          0,
          0,
          0
        ],
        "branches": {
        }
      },
      "/home/will/Documents/UnB/Disciplinas/5o SEMESTRE/EngSw/CAMAAR/camaar/app/models/coordinator.rb": {
        "lines": [
          0,
          0,
          0,
          0,
          0
        ],
        "branches": {
        }
      },
      "/home/will/Documents/UnB/Disciplinas/5o SEMESTRE/EngSw/CAMAAR/camaar/app/models/department.rb": {
        "lines": [
          0,
          0,
          0
        ],
        "branches": {
        }
      },
      "/home/will/Documents/UnB/Disciplinas/5o SEMESTRE/EngSw/CAMAAR/camaar/app/models/enrollment.rb": {
        "lines": [
          0,
          0,
          0,
          0
        ],
        "branches": {
        }
      },
      "/home/will/Documents/UnB/Disciplinas/5o SEMESTRE/EngSw/CAMAAR/camaar/app/models/form.rb": {
        "lines": [
          0,
          null,
          0,
          0,
          0,
          0
        ],
        "branches": {
        }
      },
      "/home/will/Documents/UnB/Disciplinas/5o SEMESTRE/EngSw/CAMAAR/camaar/app/models/form_question.rb": {
        "lines": [
          0,
          0,
          0,
          0,
          0
        ],
        "branches": {
        }
      },
      "/home/will/Documents/UnB/Disciplinas/5o SEMESTRE/EngSw/CAMAAR/camaar/app/models/student.rb": {
        "lines": [
          0,
          0,
          0,
          0,
          0,
          0,
          0
        ],
        "branches": {
        }
      },
      "/home/will/Documents/UnB/Disciplinas/5o SEMESTRE/EngSw/CAMAAR/camaar/app/models/student_answer.rb": {
        "lines": [
          0,
          0,
          0,
          0
        ],
        "branches": {
        }
      },
      "/home/will/Documents/UnB/Disciplinas/5o SEMESTRE/EngSw/CAMAAR/camaar/app/models/subject_class.rb": {
        "lines": [
          0,
          0,
          0,
          null,
          0,
          0,
          0
        ],
        "branches": {
        }
      },
      "/home/will/Documents/UnB/Disciplinas/5o SEMESTRE/EngSw/CAMAAR/camaar/app/models/teacher.rb": {
        "lines": [
          0,
          0,
          0,
          0
        ],
        "branches": {
        }
      },
      "/home/will/Documents/UnB/Disciplinas/5o SEMESTRE/EngSw/CAMAAR/camaar/app/models/teacher_answer.rb": {
        "lines": [
          0,
          0,
          0,
          0
        ],
        "branches": {
        }
      },
      "/home/will/Documents/UnB/Disciplinas/5o SEMESTRE/EngSw/CAMAAR/camaar/app/models/template.rb": {
        "lines": [
          0,
          0,
          0,
          0,
          0
        ],
        "branches": {
        }
      },
      "/home/will/Documents/UnB/Disciplinas/5o SEMESTRE/EngSw/CAMAAR/camaar/app/models/template_question.rb": {
        "lines": [
          0,
          0,
          null,
          0,
          0,
          0
        ],
        "branches": {
        }
      },
      "/home/will/Documents/UnB/Disciplinas/5o SEMESTRE/EngSw/CAMAAR/camaar/app/models/user.rb": {
        "lines": [
          0,
          null,
          null,
          0,
          0,
          0,
          null,
          null,
          0
        ],
        "branches": {
        }
      },
      "/home/will/Documents/UnB/Disciplinas/5o SEMESTRE/EngSw/CAMAAR/camaar/app/services/admin_registration_service.rb": {
        "lines": [
          0,
          0,
          0,
          null,
          0,
          0,
          0
        ],
        "branches": {
        }
      },
      "/home/will/Documents/UnB/Disciplinas/5o SEMESTRE/EngSw/CAMAAR/camaar/lib/custom_failure.rb": {
        "lines": [
          0,
          0,
          0,
          0,
          0,
          0,
          0,
          0,
          null,
          0,
          0,
          null,
          null,
          null,
          0,
          null,
          0,
          0
        ],
        "branches": {
        }
      }
    },
    "timestamp": 1719249277
  },
  "RSpec": {
    "coverage": {
      "/home/jpantonow/Documents/CAMAAR/camaar/app/models/user.rb": {
        "lines": [
          1,
          null,
          null,
          1,
          null,
          null,
          null,
          null,
          null,
          1,
          19,
          null,
          null,
          1,
          5,
          null,
          null
        ]
      },
      "/home/jpantonow/Documents/CAMAAR/camaar/app/models/application_record.rb": {
        "lines": [
          1,
          1,
          null
        ]
      },
      "/home/jpantonow/Documents/CAMAAR/camaar/app/models/admin.rb": {
        "lines": [
          1,
          null,
          null,
          1,
          null,
          null,
          null,
          null
        ]
      },
      "/home/jpantonow/Documents/CAMAAR/camaar/app/controllers/admins_controller.rb": {
        "lines": [
          1,
          1,
          1,
          null,
          1,
          1,
          1,
          1,
          1,
          null,
          1,
          37,
          37,
          null,
          null,
          1,
          12,
          12,
          null,
          12,
          12,
          12,
          12,
          null,
          12,
          12,
          5,
          5,
          0,
          null,
          5,
          4,
          4,
          null,
          null,
          null,
          null,
          null,
          null,
          4,
          4,
          4,
          4,
          null,
          null,
          null,
          null,
          null,
          null,
          null,
          4,
          null,
          null,
          null,
          null,
          5,
          5,
          5,
          null,
          null,
          null,
          null,
          null,
          5,
          5,
          5,
          5,
          null,
          null,
          null,
          null,
          null,
          null,
          null,
          5,
          null,
          null,
          null,
          null,
          null,
          null,
          7,
          null,
          null,
          null,
          1,
          4,
          4,
          4,
          null,
          4,
          null,
          1,
          null,
          1,
          1,
          null,
          null,
          null,
          null,
          null,
          1,
          0,
          0,
          null,
          null,
          1,
          1,
          null,
          1,
          null,
          null,
          null,
          null,
          null,
          1,
          0,
          1,
          0,
          null,
          1,
          1,
          null,
          1,
          null,
          null,
          null,
          1,
          1,
          44,
          44,
          null,
          44,
          null,
          null,
          null,
          null,
          null,
          null,
          44,
          0,
          44,
          0,
          null,
          44,
          44,
          null,
          null,
          44,
          null,
          null,
          null,
          44,
          44,
          null,
          null,
          null,
          44,
          null,
          null,
          1,
          null,
          1,
          44,
          0,
          null,
          null,
          null,
          1,
          1,
          null,
          null,
          2,
          null,
          2,
          6,
          6,
          null,
          null,
          null,
          6,
          null,
          null,
          null,
          null,
          6,
          null,
          6,
          0,
          null,
          null,
          null,
          6,
          null,
          null,
          null,
          null,
          2,
          2,
          null,
          1,
          1,
          0,
          0,
          null,
          1,
          1,
          0,
          0,
          null,
          1,
          1,
          1,
          65,
          null,
          null,
          null,
          null,
          null,
          null,
          0,
          null,
          1,
          null,
          null,
          null,
          1,
          11,
          null,
          11,
          11,
          16,
          null,
          16,
          16,
          null,
          11,
          null,
          5,
          null,
          null,
          null,
          null,
          null,
          null,
          null,
          null,
          null,
          11,
          11,
          null,
          11,
          11,
          null,
          11,
          0,
          0,
          null,
          11,
          null,
          2,
          null,
          2,
          2,
          2,
          null,
          null,
          null,
          null,
          1,
          3,
          3,
          3,
          null,
          null,
          3,
          2,
          null,
          1,
          null,
          3,
          null,
          3,
          null,
          null,
          1,
          3,
          null,
          3,
          3,
          2,
          null,
          1,
          null,
          null,
          3,
          3,
          7,
          null,
          7,
          null,
          6,
          6,
          null,
          1,
          1,
          5,
          null,
          null,
          1,
          5,
          null,
          null,
          null,
          null,
          null,
          3,
          null,
          null,
          1,
          2,
          2,
          null,
          2,
          2,
          2,
          null,
          2,
          2,
          null,
          2,
          2,
          null,
          null,
          null,
          2,
          null,
          null,
          1,
          2,
          null,
          2,
          2,
          2,
          2,
          null,
          null,
          1,
          2,
          1,
          1,
          1,
          1,
          1,
          1,
          1,
          1,
          1,
          null,
          1,
          1,
          null,
          1,
          1,
          null,
          null,
          1,
          1,
          1,
          1,
          null,
          1,
          1,
          1,
          1,
          1,
          null,
          1,
          1,
          1,
          null,
          1,
          1,
          null,
          1,
          1,
          1,
          1,
          null,
          null,
          1,
          1,
          1,
          1,
          null,
          1,
          null,
          2,
          null,
          null,
          1,
          2,
          2,
          2,
          1,
          null,
          1,
          null,
          null,
          2,
          null,
          2,
          4,
          4,
          null,
          4,
          null,
          4,
          null,
          0,
          0,
          null,
          null,
          null,
          2,
          null,
          null,
          2,
          2,
          4,
          null,
          2,
          null,
          2,
          2,
          4,
          null,
          null,
          null,
          null
        ]
      },
      "/home/jpantonow/Documents/CAMAAR/camaar/app/controllers/application_controller.rb": {
        "lines": [
          1,
          1,
          1,
          null,
          1,
          42,
          null,
          32,
          10,
          10,
          null,
          0,
          null,
          null,
          null,
          1,
          null,
          1,
          119,
          119,
          119,
          119,
          119,
          null,
          null,
          1,
          134,
          134,
          134,
          134,
          134,
          null,
          null,
          1,
          677,
          null,
          null,
          1,
          134,
          null,
          null,
          1,
          134,
          null,
          null,
          1,
          134,
          null,
          null,
          1,
          134,
          134,
          null,
          134,
          26,
          null,
          null,
          null,
          1,
          22,
          22,
          17,
          17,
          null,
          17,
          17,
          null,
          5,
          5,
          5,
          5,
          null,
          null,
          null
        ]
      },
      "/home/jpantonow/Documents/CAMAAR/camaar/app/helpers/application_helper.rb": {
        "lines": [
          1,
          null
        ]
      },
      "/home/jpantonow/Documents/CAMAAR/camaar/app/helpers/admin_helper.rb": {
        "lines": [
          1,
          null
        ]
      },
      "/home/jpantonow/Documents/CAMAAR/camaar/app/helpers/classes_helper.rb": {
        "lines": [
          1,
          null
        ]
      },
      "/home/jpantonow/Documents/CAMAAR/camaar/app/helpers/departments_helper.rb": {
        "lines": [
          1,
          null
        ]
      },
      "/home/jpantonow/Documents/CAMAAR/camaar/app/helpers/errors_helper.rb": {
        "lines": [
          1,
          null
        ]
      },
      "/home/jpantonow/Documents/CAMAAR/camaar/app/helpers/forms_helper.rb": {
        "lines": [
          1,
          null
        ]
      },
      "/home/jpantonow/Documents/CAMAAR/camaar/app/helpers/subject_classes_helper.rb": {
        "lines": [
          1,
          null
        ]
      },
      "/home/jpantonow/Documents/CAMAAR/camaar/app/helpers/subjectclasss_helper.rb": {
        "lines": [
          1,
          null
        ]
      },
      "/home/jpantonow/Documents/CAMAAR/camaar/app/helpers/template_questions_helper.rb": {
        "lines": [
          1,
          null
        ]
      },
      "/home/jpantonow/Documents/CAMAAR/camaar/app/helpers/templates_helper.rb": {
        "lines": [
          1,
          null
        ]
      },
      "/home/jpantonow/Documents/CAMAAR/camaar/app/controllers/answers_controller.rb": {
        "lines": [
          1,
          null,
          1,
          1,
          1,
          null,
          1,
          3,
          null,
          3,
          3,
          null,
          3,
          3,
          4,
          1,
          1,
          null,
          null,
          null,
          null,
          2,
          null,
          null,
          2,
          2,
          null,
          2,
          2,
          2,
          null,
          2,
          null,
          null,
          null,
          null,
          null,
          null,
          0,
          null,
          0,
          0,
          0,
          null,
          0,
          null,
          null,
          null,
          null,
          null,
          null,
          null,
          2,
          null,
          0,
          0,
          null,
          null,
          null,
          null,
          1,
          2,
          2,
          null,
          2,
          1,
          5,
          1,
          null,
          4,
          null,
          null,
          null,
          1,
          null,
          null,
          2,
          null,
          null
        ]
      },
      "/home/jpantonow/Documents/CAMAAR/camaar/app/controllers/classes_controller.rb": {
        "lines": [
          1,
          1,
          null,
          null,
          null,
          null,
          1,
          null,
          null
        ]
      },
      "/home/jpantonow/Documents/CAMAAR/camaar/app/controllers/forms_controller.rb": {
        "lines": [
          1,
          1,
          1,
          1,
          1,
          null,
          1,
          13,
          null,
          null,
          1,
          4,
          4,
          null,
          null,
          1,
          null,
          1,
          2,
          2,
          2,
          null,
          null,
          1,
          null,
          1,
          null,
          1,
          19,
          19,
          null,
          null,
          1,
          19,
          14,
          5,
          5,
          null,
          0,
          null,
          null,
          null,
          1,
          13,
          8,
          null,
          7,
          7,
          null,
          null,
          1,
          7,
          11,
          4,
          4,
          null,
          7,
          7,
          null,
          null,
          null,
          null,
          1,
          2,
          2,
          2,
          null,
          null,
          null,
          1,
          11,
          11,
          11,
          11,
          11,
          null,
          11,
          11,
          null,
          null
        ]
      },
      "/home/jpantonow/Documents/CAMAAR/camaar/app/controllers/home_controller.rb": {
        "lines": [
          1,
          1,
          null,
          1,
          null,
          1,
          1,
          12,
          1,
          11,
          1,
          null,
          null,
          null
        ]
      },
      "/home/jpantonow/Documents/CAMAAR/camaar/app/controllers/subject_classes_controller.rb": {
        "lines": [
          1,
          1,
          null,
          1,
          6,
          6,
          null,
          6,
          1,
          1,
          1,
          null,
          null,
          5,
          5,
          1,
          1,
          1,
          null,
          null,
          4,
          null,
          null,
          null,
          null,
          null,
          4,
          null,
          4,
          null,
          1,
          null,
          null
        ]
      },
      "/home/jpantonow/Documents/CAMAAR/camaar/app/controllers/template_questions_controller.rb": {
        "lines": [
          1,
          1,
          1,
          1,
          1,
          1,
          null,
          1,
          null,
          null,
          1,
          null,
          null,
          1,
          5,
          5,
          5,
          null,
          null,
          1,
          2,
          2,
          2,
          2,
          null,
          null,
          2,
          null,
          null,
          null,
          null,
          null,
          null,
          2,
          1,
          1,
          null,
          1,
          1,
          1,
          null,
          null,
          null,
          1,
          2,
          2,
          2,
          null,
          null,
          null,
          1,
          8,
          8,
          null,
          null,
          1,
          6,
          6,
          6,
          null,
          6,
          null,
          null,
          null,
          null,
          null,
          null,
          6,
          5,
          5,
          null,
          1,
          null,
          1,
          null,
          1,
          1,
          null,
          null,
          null,
          1,
          24,
          null,
          null,
          1,
          10,
          null,
          null,
          1,
          8,
          null,
          8,
          2,
          10,
          10,
          4,
          0,
          null,
          4,
          null,
          null,
          6,
          6,
          null,
          null,
          null,
          null,
          8,
          null,
          null,
          1,
          22,
          20,
          20,
          20,
          20,
          null,
          2,
          2,
          2,
          2,
          null,
          null,
          null,
          1,
          21,
          21,
          21,
          21,
          null,
          null,
          1,
          7,
          7,
          7,
          7,
          null,
          7,
          7,
          7,
          null,
          0,
          0,
          0,
          0,
          null,
          null,
          null,
          null,
          null,
          1,
          24,
          null,
          1,
          1,
          null,
          1,
          null,
          null,
          null,
          1,
          9,
          9,
          9,
          9,
          null,
          null
        ]
      },
      "/home/jpantonow/Documents/CAMAAR/camaar/app/controllers/templates_controller.rb": {
        "lines": [
          1,
          null,
          null,
          null,
          null,
          1,
          1,
          1,
          1,
          1,
          null,
          null,
          1,
          null,
          null,
          1,
          7,
          7,
          null,
          null,
          1,
          null,
          null,
          1,
          null,
          null,
          null,
          1,
          null,
          null,
          1,
          7,
          1,
          1,
          null,
          null,
          6,
          6,
          null,
          null,
          null,
          1,
          null,
          2,
          null,
          0,
          null,
          null,
          2,
          null,
          null,
          1,
          73,
          null,
          0,
          null,
          null,
          null,
          1,
          null,
          1,
          28,
          28,
          28,
          28,
          null,
          null,
          1,
          112,
          null,
          null,
          1,
          28,
          28,
          null,
          null,
          1,
          28,
          28,
          null,
          null,
          1,
          35,
          null,
          null,
          1,
          7,
          null,
          null
        ]
      },
      "/home/jpantonow/Documents/CAMAAR/camaar/app/controllers/users_controller.rb": {
        "lines": [
          1,
          null,
          1,
          1,
          1,
          1,
          null,
          1,
          null,
          1,
          null,
          1,
          null,
          1,
          null,
          0,
          null,
          null,
          1,
          null,
          null,
          null,
          1,
          null,
          1,
          null,
          1,
          null,
          null,
          null,
          null,
          null,
          null,
          null,
          null,
          null,
          null,
          null,
          null,
          null
        ]
      },
      "/home/jpantonow/Documents/CAMAAR/camaar/app/controllers/admins/confirmations_controller.rb": {
        "lines": [
          null,
          null,
          1,
          null,
          1,
          1,
          null,
          null,
          null,
          1,
          1,
          null,
          null,
          null,
          1,
          1,
          null,
          null,
          null,
          null,
          null,
          1,
          1,
          null,
          null,
          null,
          1,
          1,
          null,
          null
        ]
      },
      "/home/jpantonow/Documents/CAMAAR/camaar/app/controllers/admins/passwords_controller.rb": {
        "lines": [
          null,
          null,
          1,
          null,
          1,
          1,
          null,
          null,
          null,
          1,
          1,
          null,
          null,
          null,
          1,
          1,
          null,
          null,
          null,
          null,
          1,
          1,
          null,
          1,
          1,
          1,
          1,
          1,
          null,
          1,
          null,
          0,
          null,
          null,
          null,
          1,
          null,
          1,
          1,
          null,
          null,
          null,
          1,
          1,
          null,
          null
        ]
      },
      "/home/jpantonow/Documents/CAMAAR/camaar/app/controllers/admins/registrations_controller.rb": {
        "lines": [
          null,
          null,
          1,
          1,
          1,
          null,
          null,
          1,
          1,
          null,
          null,
          null,
          1,
          2,
          2,
          null,
          null,
          null,
          null,
          1,
          1,
          null,
          null,
          null,
          null,
          null,
          null,
          null,
          null,
          1,
          1,
          null,
          null,
          null,
          null,
          null,
          null,
          null,
          null,
          null,
          null,
          null,
          1,
          null,
          1,
          2,
          null,
          null,
          null,
          null,
          null,
          null,
          null,
          null,
          1,
          2,
          2,
          null,
          null,
          null,
          null,
          null,
          null,
          null,
          null,
          null,
          1,
          0,
          null,
          null,
          null,
          1,
          2,
          null,
          null
        ]
      },
      "/home/jpantonow/Documents/CAMAAR/camaar/app/controllers/admins/sessions_controller.rb": {
        "lines": [
          null,
          null,
          1,
          1,
          null,
          null,
          1,
          33,
          null,
          null,
          null,
          1,
          32,
          null,
          null,
          null,
          1,
          6,
          null,
          null,
          1,
          null,
          null,
          1,
          32,
          null,
          null
        ]
      },
      "/home/jpantonow/Documents/CAMAAR/camaar/app/controllers/users/confirmations_controller.rb": {
        "lines": [
          null,
          null,
          1,
          null,
          1,
          1,
          null,
          null,
          null,
          1,
          1,
          null,
          null,
          null,
          1,
          1,
          null,
          null,
          1,
          null,
          null,
          1,
          1,
          null,
          null,
          null,
          1,
          1,
          null,
          null
        ]
      },
      "/home/jpantonow/Documents/CAMAAR/camaar/app/controllers/users/passwords_controller.rb": {
        "lines": [
          null,
          null,
          1,
          null,
          1,
          1,
          null,
          null,
          null,
          1,
          1,
          null,
          null,
          1,
          null,
          null,
          1,
          1,
          null,
          null,
          null,
          null,
          1,
          1,
          null,
          1,
          1,
          1,
          1,
          1,
          null,
          1,
          null,
          0,
          null,
          null,
          null,
          1,
          null,
          1,
          1,
          null,
          null,
          null,
          1,
          1,
          null,
          null
        ]
      },
      "/home/jpantonow/Documents/CAMAAR/camaar/app/controllers/users/registrations_controller.rb": {
        "lines": [
          null,
          null,
          1,
          1,
          1,
          null,
          null,
          1,
          2,
          2,
          2,
          null,
          null,
          null,
          1,
          2,
          null,
          null,
          null,
          1,
          1,
          null,
          null,
          null,
          null,
          null,
          null,
          null,
          null,
          1,
          1,
          null,
          null,
          null,
          null,
          null,
          null,
          null,
          null,
          null,
          null,
          null,
          1,
          null,
          1,
          2,
          null,
          null,
          null,
          null,
          null,
          null,
          null,
          1,
          2,
          2,
          null,
          null,
          null,
          null,
          null,
          null,
          null,
          null,
          null,
          1,
          0,
          null,
          null,
          null,
          1,
          2,
          null,
          null
        ]
      },
      "/home/jpantonow/Documents/CAMAAR/camaar/app/controllers/users/sessions_controller.rb": {
        "lines": [
          null,
          null,
          1,
          1,
          null,
          null,
          1,
          12,
          null,
          null,
          null,
          1,
          10,
          null,
          null,
          null,
          1,
          1,
          null,
          null,
          1,
          null,
          null,
          1,
          10,
          10,
          null,
          null
        ]
      },
      "/home/jpantonow/Documents/CAMAAR/camaar/app/mailers/admins_mailer.rb": {
        "lines": [
          1,
          1,
          1,
          1,
          null,
          null
        ]
      },
      "/home/jpantonow/Documents/CAMAAR/camaar/app/mailers/application_mailer.rb": {
        "lines": [
          1,
          1,
          1,
          null
        ]
      },
      "/home/jpantonow/Documents/CAMAAR/camaar/app/mailers/users_mailer.rb": {
        "lines": [
          1,
          null,
          1,
          1,
          46,
          46,
          null,
          null,
          null
        ]
      },
      "/home/jpantonow/Documents/CAMAAR/camaar/app/models/coordinator.rb": {
        "lines": [
          1,
          1,
          1,
          1,
          null
        ]
      },
      "/home/jpantonow/Documents/CAMAAR/camaar/app/models/department.rb": {
        "lines": [
          1,
          1,
          null
        ]
      },
      "/home/jpantonow/Documents/CAMAAR/camaar/app/models/enrollment.rb": {
        "lines": [
          1,
          1,
          1,
          null
        ]
      },
      "/home/jpantonow/Documents/CAMAAR/camaar/app/models/form.rb": {
        "lines": [
          1,
          null,
          1,
          1,
          1,
          null
        ]
      },
      "/home/jpantonow/Documents/CAMAAR/camaar/app/models/form_question.rb": {
        "lines": [
          1,
          1,
          1,
          1,
          null
        ]
      },
      "/home/jpantonow/Documents/CAMAAR/camaar/app/models/student.rb": {
        "lines": [
          1,
          1,
          1,
          1,
          1,
          1,
          null
        ]
      },
      "/home/jpantonow/Documents/CAMAAR/camaar/app/models/student_answer.rb": {
        "lines": [
          1,
          1,
          1,
          null
        ]
      },
      "/home/jpantonow/Documents/CAMAAR/camaar/app/models/subject_class.rb": {
        "lines": [
          1,
          1,
          1,
          null,
          1,
          1,
          null
        ]
      },
      "/home/jpantonow/Documents/CAMAAR/camaar/app/models/teacher.rb": {
        "lines": [
          1,
          1,
          1,
          null
        ]
      },
      "/home/jpantonow/Documents/CAMAAR/camaar/app/models/teacher_answer.rb": {
        "lines": [
          1,
          1,
          1,
          null
        ]
      },
      "/home/jpantonow/Documents/CAMAAR/camaar/app/models/template.rb": {
        "lines": [
          1,
          1,
          1,
          1,
          null
        ]
      },
      "/home/jpantonow/Documents/CAMAAR/camaar/app/models/template_question.rb": {
        "lines": [
          1,
          1,
          null,
          1,
          1,
          null
        ]
      },
      "/home/jpantonow/Documents/CAMAAR/camaar/app/services/admin_registration_service.rb": {
        "lines": [
          1,
          1,
          3,
          null,
          3,
          null,
          null
        ]
      },
      "/home/jpantonow/Documents/CAMAAR/camaar/app/services/discente_service.rb": {
        "lines": [
          1,
          1,
          14,
          null,
          null,
          1,
          8,
          8,
          null,
          8,
          8,
          null,
          8,
          null,
          null,
          1,
          0,
          0,
          null,
          null,
          1,
          13,
          13,
          null,
          null
        ]
      },
      "/home/jpantonow/Documents/CAMAAR/camaar/app/services/docente_service.rb": {
        "lines": [
          1,
          1,
          5,
          null,
          null,
          1,
          5,
          5,
          5,
          0,
          null,
          0,
          null,
          null,
          null,
          1,
          0,
          0,
          null,
          null,
          1,
          0,
          0,
          null,
          null
        ]
      }
    },
    "timestamp": 1719599717
  }
}
